<?xml version="1.0" encoding="UTF-8"?>
<!-- Generated by org.testng.reporters.JUnitReportReporter -->
<testsuite name="loginTests.TC_02_IncorrectLogin" tests="1" time="0.999" ignored="0" failures="0" timestamp="10 oct 2020 17:00:47 GMT" skipped="0" hostname="DESKTOP-RQEEC0L" errors="0">
  <testcase name="TC_02" time="0.999" classname="loginTests.TC_02_IncorrectLogin"/>
</testsuite> <!-- loginTests.TC_02_IncorrectLogin -->
