<?xml version="1.0" encoding="UTF-8"?>
<!-- Generated by org.testng.reporters.JUnitReportReporter -->
<testsuite name="loginTests.TC_03_Logout" tests="1" time="3.084" ignored="0" failures="0" timestamp="10 oct 2020 17:16:36 GMT" skipped="0" hostname="DESKTOP-RQEEC0L" errors="0">
  <testcase name="TC_03" time="3.084" classname="loginTests.TC_03_Logout"/>
</testsuite> <!-- loginTests.TC_03_Logout -->
