<?xml version="1.0" encoding="UTF-8"?>
<!-- Generated by org.testng.reporters.JUnitReportReporter -->
<testsuite name="CoolTesters.Selenium.HardAssert" tests="1" time="7.233" ignored="5" failures="0" timestamp="03 oct 2020 16:02:38 GMT" skipped="0" hostname="DESKTOP-RQEEC0L" errors="0">
  <testcase name="verificarTituloDepaginaBoolean" time="7.233" classname="CoolTesters.Selenium.HardAssert"/>
  <testcase name="assertEquals" classname="CoolTesters.Selenium.HardAssert">
    <skipped/>
  </testcase> <!-- assertEquals -->
  <testcase name="assertfalse" classname="CoolTesters.Selenium.HardAssert">
    <skipped/>
  </testcase> <!-- assertfalse -->
  <testcase name="assertNoEquals" classname="CoolTesters.Selenium.HardAssert">
    <skipped/>
  </testcase> <!-- assertNoEquals -->
  <testcase name="verificarTituloDepagina" classname="CoolTesters.Selenium.HardAssert">
    <skipped/>
  </testcase> <!-- verificarTituloDepagina -->
  <testcase name="assertTrue" classname="CoolTesters.Selenium.HardAssert">
    <skipped/>
  </testcase> <!-- assertTrue -->
</testsuite> <!-- CoolTesters.Selenium.HardAssert -->
