<?xml version="1.0" encoding="UTF-8"?>
<!-- Generated by org.testng.reporters.JUnitReportReporter -->
<testsuite name="CoolTesters.Selenium.AppTest" tests="1" time="0.017" ignored="0" failures="0" timestamp="30 sep 2020 17:02:06 GMT" skipped="0" hostname="DESKTOP-RQEEC0L" errors="0">
  <testcase name="shouldAnswerWithTrue" time="0.017" classname="CoolTesters.Selenium.AppTest"/>
</testsuite> <!-- CoolTesters.Selenium.AppTest -->
