<?xml version="1.0" encoding="UTF-8"?>
<!-- Generated by org.testng.reporters.JUnitReportReporter -->
<testsuite name="loginTests.TC_05_LoginParameter" tests="1" time="1.405" ignored="0" failures="0" timestamp="17 oct 2020 13:34:26 GMT" skipped="0" hostname="DESKTOP-RQEEC0L" errors="0">
  <testcase name="TC_05" time="1.405" classname="loginTests.TC_05_LoginParameter"/>
</testsuite> <!-- loginTests.TC_05_LoginParameter -->
