<?xml version="1.0" encoding="UTF-8"?>
<!-- Generated by org.testng.reporters.JUnitReportReporter -->
<testsuite name="loginTests.TC_01_CorrecLogin" tests="1" time="1.794" ignored="0" failures="0" timestamp="10 oct 2020 17:00:47 GMT" skipped="0" hostname="DESKTOP-RQEEC0L" errors="0">
  <testcase name="TC_01" time="1.794" classname="loginTests.TC_01_CorrecLogin"/>
</testsuite> <!-- loginTests.TC_01_CorrecLogin -->
